<?xml version="1.0" encoding="UTF-8"?>
<testng-results ignored="0" total="1" passed="1" failed="0" skipped="0">
  <reporter-output>
  </reporter-output>
  <suite started-at="2023-07-18T23:27:23 IST" name="Default suite" finished-at="2023-07-18T23:28:16 IST" duration-ms="52296">
    <groups>
    </groups>
    <test started-at="2023-07-18T23:27:23 IST" name="Default test" finished-at="2023-07-18T23:28:16 IST" duration-ms="52296">
      <class name="logintest.Testing">
        <test-method is-config="true" signature="setup()[pri:0, instance:logintest.Testing@3e27ba32]" started-at="2023-07-18T23:27:24 IST" name="setup" finished-at="2023-07-18T23:27:35 IST" duration-ms="11435" status="PASS">
          <reporter-output>
          </reporter-output>
        </test-method> <!-- setup -->
        <test-method signature="test1()[pri:0, instance:logintest.Testing@3e27ba32]" started-at="2023-07-18T23:27:35 IST" name="test1" finished-at="2023-07-18T23:28:16 IST" duration-ms="40758" status="PASS">
          <reporter-output>
          </reporter-output>
        </test-method> <!-- test1 -->
      </class> <!-- logintest.Testing -->
    </test> <!-- Default test -->
  </suite> <!-- Default suite -->
</testng-results>
